[13:30:05] [main/INFO] (FabricLoader/GameProvider) Loading Minecraft 1.20.3 with Fabric Loader 0.14.23
[13:30:06] [main/INFO] (FabricLoader) Loading 55 mods:
	- fabric-api 0.91.1+1.20.3
	- fabric-api-base 0.4.34+f31bf8813b
	- fabric-api-lookup-api-v1 1.6.44+9468a19d3b
	- fabric-biome-api-v1 13.0.14+9468a19d3b
	- fabric-block-api-v1 1.0.13+73761d2e3b
	- fabric-block-view-api-v2 1.0.2+73761d2e3b
	- fabric-blockrenderlayer-v1 1.1.44+f4b7e4243b
	- fabric-client-tags-api-v1 1.1.5+86b126453b
	- fabric-command-api-v1 1.2.39+f71b366f3b
	- fabric-command-api-v2 2.2.18+23e8616e3b
	- fabric-commands-v0 0.2.56+df3654b33b
	- fabric-containers-v0 0.1.80+df3654b33b
	- fabric-content-registries-v0 5.0.8+9468a19d3b
	- fabric-convention-tags-v1 1.5.8+9468a19d3b
	- fabric-crash-report-info-v1 0.2.21+f4b7e4243b
	- fabric-data-generation-api-v1 13.1.16+1b2a41bc3b
	- fabric-dimensions-v1 2.1.59+a2e8758a3b
	- fabric-entity-events-v1 1.5.26+9468a19d3b
	- fabric-events-interaction-v0 0.6.13+9468a19d3b
	- fabric-events-lifecycle-v0 0.2.70+df3654b33b
	- fabric-game-rule-api-v1 1.0.44+6f7ba8f23b
	- fabric-gametest-api-v1 1.2.18+9468a19d3b
	- fabric-item-api-v1 2.1.33+9468a19d3b
	- fabric-item-group-api-v1 4.0.19+7feff5da3b
	- fabric-key-binding-api-v1 1.0.39+f4b7e4243b
	- fabric-keybindings-v0 0.2.37+df3654b33b
	- fabric-lifecycle-events-v1 2.2.28+9468a19d3b
	- fabric-loot-api-v2 2.1.3+6f9f09e03b
	- fabric-message-api-v1 6.0.3+ebb154963b
	- fabric-mining-level-api-v1 2.1.58+f4b7e4243b
	- fabric-model-loading-api-v1 1.0.6+9468a19d3b
	- fabric-models-v0 0.4.5+9386d8a73b
	- fabric-networking-api-v1 3.1.1+901470e43b
	- fabric-object-builder-api-v1 13.0.6+a2e8758a3b
	- fabric-particles-v1 1.1.5+f4b7e4243b
	- fabric-recipe-api-v1 2.0.14+23e8616e3b
	- fabric-registry-sync-v0 4.0.12+9468a19d3b
	- fabric-renderer-api-v1 3.2.2+2034447c3b
	- fabric-renderer-indigo 1.5.2+2034447c3b
	- fabric-renderer-registries-v1 3.2.49+df3654b33b
	- fabric-rendering-data-attachment-v1 0.3.40+73761d2e3b
	- fabric-rendering-fluids-v1 3.0.31+f4b7e4243b
	- fabric-rendering-v0 1.1.52+df3654b33b
	- fabric-rendering-v1 3.0.11+9468a19d3b
	- fabric-resource-conditions-api-v1 2.3.12+de5c6cca3b
	- fabric-resource-loader-v0 0.11.14+f31bf8813b
	- fabric-screen-api-v1 2.0.15+6f7ba8f23b
	- fabric-screen-handler-api-v1 1.3.49+9468a19d3b
	- fabric-sound-api-v1 1.0.15+f4b7e4243b
	- fabric-transfer-api-v1 4.0.5+aaf9c9693b
	- fabric-transitive-access-wideners-v1 5.0.12+1b2a41bc3b
	- fabricloader 0.14.23
	- java 17
	- minecraft 1.20.3
	- wolf_port 1.0.0-1.20.3
[13:30:06] [main/INFO] (FabricLoader/Mixin) SpongePowered MIXIN Subsystem Version=0.8.5 Source=file:/D:/gradle-5.5/bin/.gradle/caches/modules-2/files-2.1/net.fabricmc/sponge-mixin/0.12.5+mixin.0.8.5/8d31fb97c3e0cd7c8dad3441851c523bcfae6d8e/sponge-mixin-0.12.5+mixin.0.8.5.jar Service=Knot/Fabric Env=CLIENT
[13:30:06] [main/INFO] (FabricLoader/Mixin) Loaded Fabric development mappings for mixin remapper!
[13:30:06] [main/INFO] (FabricLoader/Mixin) Compatibility level set to JAVA_16
[13:30:06] [main/INFO] (FabricLoader/Mixin) Compatibility level set to JAVA_17
[13:30:10] [Datafixer Bootstrap/INFO] (Minecraft) 198 Datafixer optimizations took 84 milliseconds
[13:30:12] [Render thread/INFO] (Minecraft) Environment: Environment[sessionHost=https://sessionserver.mojang.com, servicesHost=https://api.minecraftservices.com, name=PROD]
[13:30:12] [Render thread/INFO] (Minecraft) Setting user: Player199
[13:30:12] [Render thread/INFO] (fabric-networking-api-v1) Force Packet Serialization is enabled to mimic remote connection on single player, this is the default behaviour on dev env. Add -Dfabric-api.networking.force-packet-serialization=false JVM arg to disable it.
[13:30:12] [Render thread/INFO] (wolf_port) Registering Entities for wolf_port
[13:30:12] [Render thread/INFO] (Indigo) [Indigo] Registering Indigo renderer!
[13:30:12] [Download-2/ERROR] (Minecraft) Failed to fetch user properties
com.mojang.authlib.exceptions.InvalidCredentialsException: Status: 401
	at com.mojang.authlib.exceptions.MinecraftClientHttpException.toAuthenticationException(MinecraftClientHttpException.java:59) ~[authlib-6.0.52.jar:?]
	at com.mojang.authlib.yggdrasil.YggdrasilUserApiService.fetchProperties(YggdrasilUserApiService.java:150) ~[authlib-6.0.52.jar:?]
	at net.minecraft.client.MinecraftClient.method_55608(MinecraftClient.java:467) ~[minecraft-merged-1f338b2c9f-1.20.3-net.fabricmc.yarn.1_20_3.1.20.3+build.1-v2.jar:?]
	at java.util.concurrent.CompletableFuture$AsyncSupply.run(CompletableFuture.java:1768) ~[?:?]
	at java.util.concurrent.ThreadPoolExecutor.runWorker(ThreadPoolExecutor.java:1136) ~[?:?]
	at java.util.concurrent.ThreadPoolExecutor$Worker.run(ThreadPoolExecutor.java:635) ~[?:?]
	at java.lang.Thread.run(Thread.java:840) ~[?:?]
Caused by: com.mojang.authlib.exceptions.MinecraftClientHttpException: Status: 401
	at com.mojang.authlib.minecraft.client.MinecraftClient.readInputStream(MinecraftClient.java:100) ~[authlib-6.0.52.jar:?]
	at com.mojang.authlib.minecraft.client.MinecraftClient.get(MinecraftClient.java:57) ~[authlib-6.0.52.jar:?]
	at com.mojang.authlib.yggdrasil.YggdrasilUserApiService.fetchProperties(YggdrasilUserApiService.java:121) ~[authlib-6.0.52.jar:?]
	... 5 more
[13:30:12] [Render thread/INFO] (Minecraft) Backend library: LWJGL version 3.3.2-snapshot
[13:30:13] [Render thread/INFO] (Minecraft) Reloading ResourceManager: vanilla, fabric (fabric-dimensions-v1, fabric-transfer-api-v1, fabricloader, fabric-events-lifecycle-v0, fabric-loot-api-v2, fabric-events-interaction-v0, fabric-entity-events-v1, fabric-item-group-api-v1, fabric-game-rule-api-v1, fabric-screen-handler-api-v1, fabric-command-api-v2, fabric-block-view-api-v2, fabric-gametest-api-v1, fabric-command-api-v1, fabric-models-v0, fabric-api-lookup-api-v1, fabric-registry-sync-v0, fabric-model-loading-api-v1, fabric-client-tags-api-v1, fabric-api-base, fabric-keybindings-v0, fabric-block-api-v1, fabric-data-generation-api-v1, fabric-rendering-data-attachment-v1, fabric-rendering-v0, fabric-screen-api-v1, fabric-key-binding-api-v1, wolf_port, fabric-renderer-api-v1, fabric-renderer-indigo, fabric-crash-report-info-v1, fabric-message-api-v1, fabric-networking-api-v1, fabric-rendering-v1, fabric-content-registries-v0, fabric-particles-v1, fabric-recipe-api-v1, fabric-transitive-access-wideners-v1, fabric-mining-level-api-v1, fabric-sound-api-v1, fabric-renderer-registries-v1, fabric-object-builder-api-v1, fabric-item-api-v1, fabric-api, fabric-containers-v0, fabric-convention-tags-v1, fabric-resource-loader-v0, fabric-commands-v0, fabric-blockrenderlayer-v1, fabric-lifecycle-events-v1, fabric-biome-api-v1, fabric-resource-conditions-api-v1, fabric-rendering-fluids-v1)
[13:30:13] [Worker-Main-8/INFO] (Minecraft) Found unifont_all_no_pua-15.1.04.hex, loading
[13:30:14] [Render thread/WARN] (Minecraft) Missing sound for event: minecraft:item.goat_horn.play
[13:30:14] [Render thread/WARN] (Minecraft) Missing sound for event: minecraft:entity.goat.screaming.horn_break
[13:30:14] [Render thread/WARN] (Minecraft) Missing sound for event: minecraft:entity.generic.wind_burst
[13:30:14] [Render thread/INFO] (Minecraft) OpenAL initialized on device OpenAL Soft on FxSound Speakers (FxSound Audio Enhancer)
[13:30:14] [Render thread/INFO] (Minecraft) Sound engine started
[13:30:14] [Render thread/INFO] (Minecraft) Created: 1024x512x4 minecraft:textures/atlas/blocks.png-atlas
[13:30:14] [Render thread/INFO] (Minecraft) Created: 256x256x4 minecraft:textures/atlas/signs.png-atlas
[13:30:14] [Render thread/INFO] (Minecraft) Created: 512x512x4 minecraft:textures/atlas/banner_patterns.png-atlas
[13:30:14] [Render thread/INFO] (Minecraft) Created: 512x512x4 minecraft:textures/atlas/shield_patterns.png-atlas
[13:30:14] [Render thread/INFO] (Minecraft) Created: 1024x1024x4 minecraft:textures/atlas/armor_trims.png-atlas
[13:30:14] [Render thread/INFO] (Minecraft) Created: 128x64x4 minecraft:textures/atlas/decorated_pot.png-atlas
[13:30:14] [Render thread/INFO] (Minecraft) Created: 256x256x4 minecraft:textures/atlas/chest.png-atlas
[13:30:14] [Render thread/INFO] (Minecraft) Created: 512x256x4 minecraft:textures/atlas/beds.png-atlas
[13:30:14] [Render thread/INFO] (Minecraft) Created: 512x256x4 minecraft:textures/atlas/shulker_boxes.png-atlas
[13:30:14] [Render thread/WARN] (Minecraft) Shader rendertype_entity_translucent_emissive could not find sampler named Sampler2 in the specified shader program.
[13:30:15] [Render thread/INFO] (Minecraft) Created: 512x256x0 minecraft:textures/atlas/particles.png-atlas
[13:30:15] [Render thread/INFO] (Minecraft) Created: 256x256x0 minecraft:textures/atlas/paintings.png-atlas
[13:30:15] [Render thread/INFO] (Minecraft) Created: 128x128x0 minecraft:textures/atlas/mob_effects.png-atlas
[13:30:15] [Render thread/INFO] (Minecraft) Created: 1024x512x0 minecraft:textures/atlas/gui.png-atlas
[13:30:19] [IO-Worker-1/INFO] (Minecraft) Could not authorize you against Realms server: Invalid session id
[13:30:19] [IO-Worker-1/ERROR] (Minecraft) Couldn't connect to realms
net.minecraft.client.realms.exception.RealmsServiceException: Realms authentication error with message 'Invalid session id'
	at net.minecraft.client.realms.RealmsClient.execute(RealmsClient.java:447) ~[minecraft-merged-1f338b2c9f-1.20.3-net.fabricmc.yarn.1_20_3.1.20.3+build.1-v2.jar:?]
	at net.minecraft.client.realms.RealmsClient.clientCompatible(RealmsClient.java:232) ~[minecraft-merged-1f338b2c9f-1.20.3-net.fabricmc.yarn.1_20_3.1.20.3+build.1-v2.jar:?]
	at net.minecraft.client.realms.RealmsAvailability.method_52627(RealmsAvailability.java:45) ~[minecraft-merged-1f338b2c9f-1.20.3-net.fabricmc.yarn.1_20_3.1.20.3+build.1-v2.jar:?]
	at java.util.concurrent.CompletableFuture$AsyncSupply.run(CompletableFuture.java:1768) ~[?:?]
	at java.util.concurrent.ThreadPoolExecutor.runWorker(ThreadPoolExecutor.java:1136) ~[?:?]
	at java.util.concurrent.ThreadPoolExecutor$Worker.run(ThreadPoolExecutor.java:635) ~[?:?]
	at java.lang.Thread.run(Thread.java:840) ~[?:?]
[13:30:29] [Render thread/INFO] (Minecraft) Loaded 7 recipes
[13:30:29] [Render thread/INFO] (Minecraft) Loaded 1271 advancements
[13:30:32] [Render thread/INFO] (BiomeModificationImpl) Applied 0 biome modifications to 0 of 64 new biomes in 1.259 ms
[13:30:32] [Server thread/INFO] (Minecraft) Starting integrated minecraft server version 1.20.3
[13:30:32] [Server thread/INFO] (Minecraft) Generating keypair
[13:30:34] [Server thread/INFO] (Minecraft) Preparing start region for dimension minecraft:overworld
[13:30:35] [Render thread/INFO] (Minecraft) Preparing spawn area: 0%
[13:30:35] [Render thread/INFO] (Minecraft) Preparing spawn area: 0%
[13:30:35] [Render thread/INFO] (Minecraft) Preparing spawn area: 1%
[13:30:36] [Render thread/INFO] (Minecraft) Preparing spawn area: 3%
[13:30:36] [Render thread/INFO] (Minecraft) Preparing spawn area: 6%
[13:30:37] [Render thread/INFO] (Minecraft) Preparing spawn area: 10%
[13:30:37] [Render thread/INFO] (Minecraft) Preparing spawn area: 15%
[13:30:38] [Render thread/INFO] (Minecraft) Preparing spawn area: 18%
[13:30:38] [Render thread/INFO] (Minecraft) Preparing spawn area: 24%
[13:30:39] [Render thread/INFO] (Minecraft) Preparing spawn area: 29%
[13:30:39] [Render thread/INFO] (Minecraft) Preparing spawn area: 34%
[13:30:40] [Render thread/INFO] (Minecraft) Preparing spawn area: 39%
[13:30:40] [Render thread/INFO] (Minecraft) Preparing spawn area: 45%
[13:30:41] [Render thread/INFO] (Minecraft) Preparing spawn area: 50%
[13:30:41] [Render thread/INFO] (Minecraft) Preparing spawn area: 54%
[13:30:42] [Render thread/INFO] (Minecraft) Preparing spawn area: 60%
[13:30:42] [Render thread/INFO] (Minecraft) Preparing spawn area: 67%
[13:30:43] [Render thread/INFO] (Minecraft) Preparing spawn area: 72%
[13:30:43] [Render thread/INFO] (Minecraft) Preparing spawn area: 78%
[13:30:44] [Render thread/INFO] (Minecraft) Preparing spawn area: 84%
[13:30:44] [Render thread/INFO] (Minecraft) Preparing spawn area: 90%
[13:30:45] [Render thread/INFO] (Minecraft) Preparing spawn area: 99%
[13:30:45] [Render thread/INFO] (Minecraft) Time elapsed: 10555 ms
[13:30:45] [Server thread/INFO] (Minecraft) Changing view distance to 12, from 10
[13:30:45] [Server thread/INFO] (Minecraft) Changing simulation distance to 12, from 0
[13:30:45] [Server thread/INFO] (Minecraft) Player199[local:E:dbfb29f9] logged in with entity id 238 at (-699.5, 65.0, 232.5)
[13:30:45] [Server thread/INFO] (Minecraft) Player199 joined the game
[13:30:46] [Render thread/INFO] (Minecraft) Loaded 2 advancements
[13:30:46] [Server thread/INFO] (Minecraft) Saving and pausing game...
[13:30:46] [Server thread/INFO] (Minecraft) Saving chunks for level 'ServerLevel[New World]'/minecraft:overworld
[13:30:46] [Server thread/INFO] (Minecraft) Saving chunks for level 'ServerLevel[New World]'/minecraft:the_nether
[13:30:46] [Server thread/INFO] (Minecraft) Saving chunks for level 'ServerLevel[New World]'/minecraft:the_end
[13:30:49] [Render thread/INFO] (Minecraft) Loaded 11 advancements
[13:31:16] [Render thread/INFO] (Minecraft) Loaded 12 advancements
[13:31:21] [Server thread/INFO] (Minecraft) Player199 has made the advancement [Best Friends Forever]
[13:31:21] [Render thread/INFO] (Minecraft) [System] [CHAT] Player199 has made the advancement [Best Friends Forever]
[13:31:21] [Render thread/INFO] (Minecraft) Loaded 15 advancements
[13:31:28] [Server thread/INFO] (Minecraft) Player199 has made the advancement [The Parrots and the Bats]
[13:31:28] [Render thread/INFO] (Minecraft) [System] [CHAT] Player199 has made the advancement [The Parrots and the Bats]
[13:31:28] [Render thread/INFO] (Minecraft) Loaded 17 advancements
[13:31:32] [Server thread/INFO] (Minecraft) Saving and pausing game...
[13:31:32] [Server thread/INFO] (Minecraft) Saving chunks for level 'ServerLevel[New World]'/minecraft:overworld
[13:31:32] [Server thread/INFO] (Minecraft) Saving chunks for level 'ServerLevel[New World]'/minecraft:the_nether
[13:31:32] [Server thread/INFO] (Minecraft) Saving chunks for level 'ServerLevel[New World]'/minecraft:the_end
[13:31:45] [Render thread/INFO] (Minecraft) Stopping!
[13:31:45] [Server thread/INFO] (Minecraft) Player199 lost connection: Disconnected
[13:31:45] [Server thread/INFO] (Minecraft) Player199 left the game
[13:31:45] [Server thread/INFO] (Minecraft) Stopping singleplayer server as player logged out
[13:31:45] [Server thread/INFO] (Minecraft) Stopping server
[13:31:45] [Server thread/INFO] (Minecraft) Saving players
[13:31:45] [Server thread/INFO] (Minecraft) Saving worlds
[13:31:45] [Server thread/INFO] (Minecraft) Saving chunks for level 'ServerLevel[New World]'/minecraft:overworld
[13:31:47] [Server thread/INFO] (Minecraft) Saving chunks for level 'ServerLevel[New World]'/minecraft:the_nether
[13:31:47] [Server thread/INFO] (Minecraft) Saving chunks for level 'ServerLevel[New World]'/minecraft:the_end
[13:31:47] [Server thread/INFO] (Minecraft) ThreadedAnvilChunkStorage (New World): All chunks are saved
[13:31:47] [Server thread/INFO] (Minecraft) ThreadedAnvilChunkStorage (DIM-1): All chunks are saved
[13:31:47] [Server thread/INFO] (Minecraft) ThreadedAnvilChunkStorage (DIM1): All chunks are saved
[13:31:47] [Server thread/INFO] (Minecraft) ThreadedAnvilChunkStorage: All dimensions are saved
